<?xml version="1.0" encoding="UTF-8"?>
<!-- Generated by org.testng.reporters.JUnitReportReporter -->
<testsuite hostname="DESKTOP-OLJU00U" name="com.iotTesting.testCases.TC_EnterValue_001" tests="1" failures="0" timestamp="19 May 2020 00:20:16 GMT" time="4.477" errors="0">
  <testcase name="dashboardTest" time="4.477" classname="com.iotTesting.testCases.TC_EnterValue_001"/>
</testsuite> <!-- com.iotTesting.testCases.TC_EnterValue_001 -->
