<?xml version="1.0" encoding="UTF-8"?>
<!-- Generated by org.testng.reporters.JUnitReportReporter -->
<testsuite hostname="DESKTOP-OLJU00U" name="com.iotTesting.testCases.TC_DD_EnterValue_001" tests="3" failures="0" timestamp="18 Jun 2020 03:07:27 GMT" time="29.672" errors="0">
  <testcase name="dashboardDDT" time="9.376" classname="com.iotTesting.testCases.TC_DD_EnterValue_001"/>
  <testcase name="dashboardDDT" time="11.032" classname="com.iotTesting.testCases.TC_DD_EnterValue_001"/>
  <testcase name="dashboardDDT" time="9.264" classname="com.iotTesting.testCases.TC_DD_EnterValue_001"/>
</testsuite> <!-- com.iotTesting.testCases.TC_DD_EnterValue_001 -->
