<?xml version="1.0" encoding="UTF-8"?>
<!-- Generated by org.testng.reporters.JUnitReportReporter -->
<testsuite hostname="DESKTOP-OLJU00U" name="com.iotTesting.testCases.TC_DD_EnterValue_001" tests="6" failures="0" timestamp="3 Jul 2020 04:05:40 GMT" time="83.597" errors="0">
  <testcase name="dashboardDDT" time="16.115" classname="com.iotTesting.testCases.TC_DD_EnterValue_001"/>
  <testcase name="dashboardDDT" time="13.247" classname="com.iotTesting.testCases.TC_DD_EnterValue_001"/>
  <testcase name="dashboardDDT" time="16.609" classname="com.iotTesting.testCases.TC_DD_EnterValue_001"/>
  <testcase name="dashboardDDT" time="12.551" classname="com.iotTesting.testCases.TC_DD_EnterValue_001"/>
  <testcase name="dashboardDDT" time="12.685" classname="com.iotTesting.testCases.TC_DD_EnterValue_001"/>
  <testcase name="dashboardDDT" time="12.390" classname="com.iotTesting.testCases.TC_DD_EnterValue_001"/>
</testsuite> <!-- com.iotTesting.testCases.TC_DD_EnterValue_001 -->
